<?xml version="1.0" encoding="UTF-8"?>
<!-- Generated by org.testng.reporters.JUnitXMLReporter -->
<testsuite ignored="0" hostname="baljeesi02" failures="0" tests="2" name="Error Validations Test" time="13.889" errors="0" timestamp="2025-12-28T14:43:21 IST">
  <testcase classname="automation.tests.ErrorValidationsTest" name="LoginErrorValidation" time="0.554"/>
  <testcase classname="automation.tests.ErrorValidationsTest" name="ProductErrorValidation" time="2.199"/>
</testsuite> <!-- Error Validations Test -->
