<?xml version="1.0" encoding="UTF-8"?>
<testsuite xmlns:xsi="http://www.w3.org/2001/XMLSchema-instance" xsi:noNamespaceSchemaLocation="https://maven.apache.org/surefire/maven-surefire-plugin/xsd/surefire-test-report.xsd" version="3.0.2" name="TestSuite" time="14.65" tests="2" errors="0" skipped="0" failures="0">
  <properties>
[...]
</properties>
  <testcase name="LoginErrorValidation" classname="automation.tests.ErrorValidationsTest" time="0.571">
    <system-err><![CDATA[[TestNG-tests-2] INFO io.github.bonigarcia.wdm.WebDriverManager - Using chromedriver 143.0.7499.169 (resolved driver for Chrome 143)
[TestNG-tests-2] INFO io.github.bonigarcia.wdm.WebDriverManager - Exporting webdriver.chrome.driver as C:\Users\baljeesi\.cache\selenium\chromedriver\win64\143.0.7499.169\chromedriver.exe
]]></system-err>
  </testcase>
  <testcase name="ProductErrorValidation" classname="automation.tests.ErrorValidationsTest" time="2.2">
    <system-err><![CDATA[[TestNG-tests-2] INFO io.github.bonigarcia.wdm.WebDriverManager - Using chromedriver 143.0.7499.169 (resolved driver for Chrome 143)
[TestNG-tests-2] INFO io.github.bonigarcia.wdm.WebDriverManager - Exporting webdriver.chrome.driver as C:\Users\baljeesi\.cache\selenium\chromedriver\win64\143.0.7499.169\chromedriver.exe
]]></system-err>
  </testcase>
</testsuite>