<?xml version="1.0" encoding="UTF-8"?>
<!-- Generated by org.testng.reporters.JUnitXMLReporter -->
<testsuite ignored="0" hostname="baljeesi02" failures="1" tests="3" name="Error Validations Test" time="18.799" errors="0" timestamp="2025-12-27T18:55:11 IST">
  <testcase classname="automation.tests.ErrorValidationsTest" name="LoginErrorValidation" time="0.481">
    <skipped/>
  </testcase> <!-- LoginErrorValidation -->
  <testcase classname="automation.tests.ErrorValidationsTest" name="LoginErrorValidation" time="1.057">
    <failure type="java.lang.AssertionError" message="expected [Icorrect email or password.] but found [Incorrect email or password.]">
      <![CDATA[java.lang.AssertionError: expected [Icorrect email or password.] but found [Incorrect email or password.]
at automation.tests.ErrorValidationsTest.LoginErrorValidation(ErrorValidationsTest.java:18)
at java.base/java.util.ArrayList.forEach(ArrayList.java:1596)
at java.base/java.util.concurrent.FutureTask.run(FutureTask.java:317)
at java.base/java.util.concurrent.ThreadPoolExecutor.runWorker(ThreadPoolExecutor.java:1144)
at java.base/java.util.concurrent.ThreadPoolExecutor$Worker.run(ThreadPoolExecutor.java:642)
at java.base/java.lang.Thread.run(Thread.java:1583)
... Removed 21 stack frames]]>
    </failure>
  </testcase> <!-- LoginErrorValidation -->
  <testcase classname="automation.tests.ErrorValidationsTest" name="ProductErrorValidation" time="2.197"/>
</testsuite> <!-- Error Validations Test -->
