<?xml version="1.0" encoding="UTF-8"?>
<!-- Generated by org.testng.reporters.JUnitReportReporter -->
<testsuite hostname="baljeesi02" failures="0" tests="2" name="automation.tests.StandAloneTest" time="24.694" errors="0" timestamp="2025-12-26T22:42:40 IST" skipped="0">
  <testcase classname="automation.tests.StandAloneTest" name="submitOrder" time="10.686"/>
  <testcase classname="automation.tests.StandAloneTest" name="submitOrder" time="14.008"/>
</testsuite> <!-- automation.tests.StandAloneTest -->
