<?xml version="1.0" encoding="UTF-8"?>
<!-- Generated by org.testng.reporters.JUnitReportReporter -->
<testsuite hostname="baljeesi02" failures="0" tests="2" name="automation.tests.ErrorValidationsTest" time="13.807" errors="0" timestamp="2025-12-28T14:43:21 IST" skipped="0">
  <testcase classname="automation.tests.ErrorValidationsTest" name="LoginErrorValidation" time="7.724"/>
  <testcase classname="automation.tests.ErrorValidationsTest" name="ProductErrorValidation" time="6.083"/>
</testsuite> <!-- automation.tests.ErrorValidationsTest -->
